The system is: Windows - 10.0.18363 - AMD64
Compiling the C compiler identification source file "CMakeCCompilerId.c" succeeded.
Compiler:  
Build flags: 
Id flags:  

The output was:
0
适用于 .NET Framework MSBuild 版本 17.8.5+b5265ef37
生成启动时间为 2024/6/24 11:34:43。

节点 1 上的项目“F:\qobj\droid\DIII4A\Q3E\src\main\jni\gzdoom\tools\zipdir\CMakeFiles\3.24.1\CompilerIdC\CompilerIdC.vcxproj”(默认目标)。
PrepareForBuild:
  正在创建目录“Debug\”。
  已启用结构化输出。编译器诊断的格式设置将反映错误层次结构。有关详细信息，请参阅 https://aka.ms/cpp/structured-output。
  正在创建目录“Debug\CompilerIdC.tlog\”。
InitializeBuildStatus:
  正在创建“Debug\CompilerIdC.tlog\unsuccessfulbuild”，因为已指定“AlwaysCreate”。
  正在对“Debug\CompilerIdC.tlog\unsuccessfulbuild”执行 Touch 任务。
VcpkgTripletSelection:
  Using triplet "x64-windows" from "D:\project\c\vcpkg\installed\x64-windows\"
  Using normalized configuration "Release"
VcpkgCheckManifestRoot:
  The vcpkg manifest was disabled, but we found a manifest file in F:\qobj\droid\DIII4A\Q3E\src\main\jni\gzdoom\. You may want to enable vcpkg manifests in your properties page or pass /p:VcpkgEnableManifest=true to the msbuild invocation.
ClCompile:
  E:\devinst\vc\VC\Tools\MSVC\14.38.33130\bin\HostX64\x64\CL.exe /c /I"D:\project\c\vcpkg\installed\x64-windows\include" /nologo /W0 /WX- /diagnostics:column /Od /D _MBCS /Gm- /EHsc /RTC1 /MDd /GS /fp:precise /Zc:wchar_t /Zc:forScope /Zc:inline /Fo"Debug\\" /Fd"Debug\vc143.pdb" /external:W0 /Gd /TC /FC /errorReport:queue CMakeCCompilerId.c
  CMakeCCompilerId.c
Link:
  E:\devinst\vc\VC\Tools\MSVC\14.38.33130\bin\HostX64\x64\link.exe /ERRORREPORT:QUEUE /OUT:".\CompilerIdC.exe" /INCREMENTAL:NO /NOLOGO /LIBPATH:"D:\project\c\vcpkg\installed\x64-windows\lib" /LIBPATH:"D:\project\c\vcpkg\installed\x64-windows\lib\manual-link" kernel32.lib user32.lib gdi32.lib winspool.lib comdlg32.lib advapi32.lib shell32.lib ole32.lib oleaut32.lib uuid.lib odbc32.lib odbccp32.lib "D:\project\c\vcpkg\installed\x64-windows\lib\*.lib" /MANIFEST /MANIFESTUAC:"level='asInvoker' uiAccess='false'" /manifest:embed /PDB:".\CompilerIdC.pdb" /SUBSYSTEM:CONSOLE /TLBID:1 /DYNAMICBASE /NXCOMPAT /IMPLIB:".\CompilerIdC.lib" /MACHINE:X64 Debug\CMakeCCompilerId.obj
  CompilerIdC.vcxproj -> F:\qobj\droid\DIII4A\Q3E\src\main\jni\gzdoom\tools\zipdir\CMakeFiles\3.24.1\CompilerIdC\CompilerIdC.exe
AppLocalFromInstalled:
  pwsh.exe -ExecutionPolicy Bypass -noprofile -File "D:\project\c\vcpkg\scripts\buildsystems\msbuild\applocal.ps1" "F:\qobj\droid\DIII4A\Q3E\src\main\jni\gzdoom\tools\zipdir\CMakeFiles\3.24.1\CompilerIdC\CompilerIdC.exe" "D:\project\c\vcpkg\installed\x64-windows\bin" "Debug\CompilerIdC.tlog\CompilerIdC.write.1u.tlog" "Debug\vcpkg.applocal.log"
  'pwsh.exe' 不是内部或外部命令，也不是可运行的程序
  或批处理文件。
  命令“pwsh.exe -ExecutionPolicy Bypass -noprofile -File "D:\project\c\vcpkg\scripts\buildsystems\msbuild\applocal.ps1" "F:\qobj\droid\DIII4A\Q3E\src\main\jni\gzdoom\tools\zipdir\CMakeFiles\3.24.1\CompilerIdC\CompilerIdC.exe" "D:\project\c\vcpkg\installed\x64-windows\bin" "Debug\CompilerIdC.tlog\CompilerIdC.write.1u.tlog" "Debug\vcpkg.applocal.log"”已退出，代码为 9009。
  "C:\Windows\System32\WindowsPowerShell\v1.0\powershell.exe" -ExecutionPolicy Bypass -noprofile -File "D:\project\c\vcpkg\scripts\buildsystems\msbuild\applocal.ps1" "F:\qobj\droid\DIII4A\Q3E\src\main\jni\gzdoom\tools\zipdir\CMakeFiles\3.24.1\CompilerIdC\CompilerIdC.exe" "D:\project\c\vcpkg\installed\x64-windows\bin" "Debug\CompilerIdC.tlog\CompilerIdC.write.1u.tlog" "Debug\vcpkg.applocal.log"
PostBuildEvent:
  for %%i in (cl.exe) do @echo CMAKE_C_COMPILER=%%~$PATH:i
  :VCEnd
  CMAKE_C_COMPILER=E:\devinst\vc\VC\Tools\MSVC\14.38.33130\bin\Hostx64\x64\cl.exe
FinalizeBuildStatus:
  正在删除文件“Debug\CompilerIdC.tlog\unsuccessfulbuild”。
  正在对“Debug\CompilerIdC.tlog\CompilerIdC.lastbuildstate”执行 Touch 任务。
已完成生成项目“F:\qobj\droid\DIII4A\Q3E\src\main\jni\gzdoom\tools\zipdir\CMakeFiles\3.24.1\CompilerIdC\CompilerIdC.vcxproj”(默认目标)的操作。

已成功生成。
    0 个警告
    0 个错误

已用时间 00:00:03.02


Compilation of the C compiler identification source "CMakeCCompilerId.c" produced "CompilerIdC.exe"

Compilation of the C compiler identification source "CMakeCCompilerId.c" produced "CompilerIdC.vcxproj"

The C compiler identification is MSVC, found in "F:/qobj/droid/DIII4A/Q3E/src/main/jni/gzdoom/tools/zipdir/CMakeFiles/3.24.1/CompilerIdC/CompilerIdC.exe"

Compiling the CXX compiler identification source file "CMakeCXXCompilerId.cpp" succeeded.
Compiler:  
Build flags: 
Id flags:  

The output was:
0
适用于 .NET Framework MSBuild 版本 17.8.5+b5265ef37
生成启动时间为 2024/6/24 11:34:46。

节点 1 上的项目“F:\qobj\droid\DIII4A\Q3E\src\main\jni\gzdoom\tools\zipdir\CMakeFiles\3.24.1\CompilerIdCXX\CompilerIdCXX.vcxproj”(默认目标)。
PrepareForBuild:
  正在创建目录“Debug\”。
  已启用结构化输出。编译器诊断的格式设置将反映错误层次结构。有关详细信息，请参阅 https://aka.ms/cpp/structured-output。
  正在创建目录“Debug\CompilerIdCXX.tlog\”。
InitializeBuildStatus:
  正在创建“Debug\CompilerIdCXX.tlog\unsuccessfulbuild”，因为已指定“AlwaysCreate”。
  正在对“Debug\CompilerIdCXX.tlog\unsuccessfulbuild”执行 Touch 任务。
VcpkgTripletSelection:
  Using triplet "x64-windows" from "D:\project\c\vcpkg\installed\x64-windows\"
  Using normalized configuration "Release"
VcpkgCheckManifestRoot:
  The vcpkg manifest was disabled, but we found a manifest file in F:\qobj\droid\DIII4A\Q3E\src\main\jni\gzdoom\. You may want to enable vcpkg manifests in your properties page or pass /p:VcpkgEnableManifest=true to the msbuild invocation.
ClCompile:
  E:\devinst\vc\VC\Tools\MSVC\14.38.33130\bin\HostX64\x64\CL.exe /c /I"D:\project\c\vcpkg\installed\x64-windows\include" /nologo /W0 /WX- /diagnostics:column /Od /D _MBCS /Gm- /EHsc /RTC1 /MDd /GS /fp:precise /Zc:wchar_t /Zc:forScope /Zc:inline /Fo"Debug\\" /Fd"Debug\vc143.pdb" /external:W0 /Gd /TP /FC /errorReport:queue CMakeCXXCompilerId.cpp
  CMakeCXXCompilerId.cpp
Link:
  E:\devinst\vc\VC\Tools\MSVC\14.38.33130\bin\HostX64\x64\link.exe /ERRORREPORT:QUEUE /OUT:".\CompilerIdCXX.exe" /INCREMENTAL:NO /NOLOGO /LIBPATH:"D:\project\c\vcpkg\installed\x64-windows\lib" /LIBPATH:"D:\project\c\vcpkg\installed\x64-windows\lib\manual-link" kernel32.lib user32.lib gdi32.lib winspool.lib comdlg32.lib advapi32.lib shell32.lib ole32.lib oleaut32.lib uuid.lib odbc32.lib odbccp32.lib "D:\project\c\vcpkg\installed\x64-windows\lib\*.lib" /MANIFEST /MANIFESTUAC:"level='asInvoker' uiAccess='false'" /manifest:embed /PDB:".\CompilerIdCXX.pdb" /SUBSYSTEM:CONSOLE /TLBID:1 /DYNAMICBASE /NXCOMPAT /IMPLIB:".\CompilerIdCXX.lib" /MACHINE:X64 Debug\CMakeCXXCompilerId.obj
  CompilerIdCXX.vcxproj -> F:\qobj\droid\DIII4A\Q3E\src\main\jni\gzdoom\tools\zipdir\CMakeFiles\3.24.1\CompilerIdCXX\CompilerIdCXX.exe
AppLocalFromInstalled:
  pwsh.exe -ExecutionPolicy Bypass -noprofile -File "D:\project\c\vcpkg\scripts\buildsystems\msbuild\applocal.ps1" "F:\qobj\droid\DIII4A\Q3E\src\main\jni\gzdoom\tools\zipdir\CMakeFiles\3.24.1\CompilerIdCXX\CompilerIdCXX.exe" "D:\project\c\vcpkg\installed\x64-windows\bin" "Debug\CompilerIdCXX.tlog\CompilerIdCXX.write.1u.tlog" "Debug\vcpkg.applocal.log"
  'pwsh.exe' 不是内部或外部命令，也不是可运行的程序
  或批处理文件。
  命令“pwsh.exe -ExecutionPolicy Bypass -noprofile -File "D:\project\c\vcpkg\scripts\buildsystems\msbuild\applocal.ps1" "F:\qobj\droid\DIII4A\Q3E\src\main\jni\gzdoom\tools\zipdir\CMakeFiles\3.24.1\CompilerIdCXX\CompilerIdCXX.exe" "D:\project\c\vcpkg\installed\x64-windows\bin" "Debug\CompilerIdCXX.tlog\CompilerIdCXX.write.1u.tlog" "Debug\vcpkg.applocal.log"”已退出，代码为 9009。
  "C:\Windows\System32\WindowsPowerShell\v1.0\powershell.exe" -ExecutionPolicy Bypass -noprofile -File "D:\project\c\vcpkg\scripts\buildsystems\msbuild\applocal.ps1" "F:\qobj\droid\DIII4A\Q3E\src\main\jni\gzdoom\tools\zipdir\CMakeFiles\3.24.1\CompilerIdCXX\CompilerIdCXX.exe" "D:\project\c\vcpkg\installed\x64-windows\bin" "Debug\CompilerIdCXX.tlog\CompilerIdCXX.write.1u.tlog" "Debug\vcpkg.applocal.log"
PostBuildEvent:
  for %%i in (cl.exe) do @echo CMAKE_CXX_COMPILER=%%~$PATH:i
  :VCEnd
  CMAKE_CXX_COMPILER=E:\devinst\vc\VC\Tools\MSVC\14.38.33130\bin\Hostx64\x64\cl.exe
FinalizeBuildStatus:
  正在删除文件“Debug\CompilerIdCXX.tlog\unsuccessfulbuild”。
  正在对“Debug\CompilerIdCXX.tlog\CompilerIdCXX.lastbuildstate”执行 Touch 任务。
已完成生成项目“F:\qobj\droid\DIII4A\Q3E\src\main\jni\gzdoom\tools\zipdir\CMakeFiles\3.24.1\CompilerIdCXX\CompilerIdCXX.vcxproj”(默认目标)的操作。

已成功生成。
    0 个警告
    0 个错误

已用时间 00:00:01.82


Compilation of the CXX compiler identification source "CMakeCXXCompilerId.cpp" produced "CompilerIdCXX.exe"

Compilation of the CXX compiler identification source "CMakeCXXCompilerId.cpp" produced "CompilerIdCXX.vcxproj"

The CXX compiler identification is MSVC, found in "F:/qobj/droid/DIII4A/Q3E/src/main/jni/gzdoom/tools/zipdir/CMakeFiles/3.24.1/CompilerIdCXX/CompilerIdCXX.exe"

Detecting C compiler ABI info compiled with the following output:
Change Dir: F:/qobj/droid/DIII4A/Q3E/src/main/jni/gzdoom/tools/zipdir/CMakeFiles/CMakeTmp

Run Build Command(s):E:/devinst/vc/MSBuild/Current/Bin/amd64/MSBuild.exe cmTC_8c79b.vcxproj /p:Configuration=Debug /p:Platform=x64 /p:VisualStudioVersion=17.0 /v:m && 适用于 .NET Framework MSBuild 版本 17.8.5+b5265ef37

  The vcpkg manifest was disabled, but we found a manifest file in F:\qobj\droid\DIII4A\Q3E\src\main\jni\gzdoom\. You may want to enable vcpkg manifests in your properties page or pass /p:VcpkgEnableManifest=true to the msbuild invocation.
  用于 x64 的 Microsoft (R) C/C++ 优化编译器 19.38.33134 版
  版权所有(C) Microsoft Corporation。保留所有权利。
  cl /c /I"D:\project\c\vcpkg\installed\x64-windows\include" /Zi /W3 /WX- /diagnostics:column /Od /Ob0 /D _MBCS /D WIN32 /D _WINDOWS /D "CMAKE_INTDIR=\"Debug\"" /Gm- /RTC1 /MDd /GS /fp:precise /Zc:wchar_t /Zc:forScope /Zc:inline /Fo"cmTC_8c79b.dir\Debug\\" /Fd"cmTC_8c79b.dir\Debug\vc143.pdb" /external:W3 /Gd /TC /errorReport:queue "E:\devinst\cmake\share\cmake-3.24\Modules\CMakeCCompilerABI.c"
  CMakeCCompilerABI.c
  cmTC_8c79b.vcxproj -> F:\qobj\droid\DIII4A\Q3E\src\main\jni\gzdoom\tools\zipdir\CMakeFiles\CMakeTmp\Debug\cmTC_8c79b.exe
  'pwsh.exe' 不是内部或外部命令，也不是可运行的程序
  或批处理文件。



Detecting CXX compiler ABI info compiled with the following output:
Change Dir: F:/qobj/droid/DIII4A/Q3E/src/main/jni/gzdoom/tools/zipdir/CMakeFiles/CMakeTmp

Run Build Command(s):E:/devinst/vc/MSBuild/Current/Bin/amd64/MSBuild.exe cmTC_9c54d.vcxproj /p:Configuration=Debug /p:Platform=x64 /p:VisualStudioVersion=17.0 /v:m && 适用于 .NET Framework MSBuild 版本 17.8.5+b5265ef37

  The vcpkg manifest was disabled, but we found a manifest file in F:\qobj\droid\DIII4A\Q3E\src\main\jni\gzdoom\. You may want to enable vcpkg manifests in your properties page or pass /p:VcpkgEnableManifest=true to the msbuild invocation.
  用于 x64 的 Microsoft (R) C/C++ 优化编译器 19.38.33134 版
  版权所有(C) Microsoft Corporation。保留所有权利。
  cl /c /I"D:\project\c\vcpkg\installed\x64-windows\include" /Zi /W3 /WX- /diagnostics:column /Od /Ob0 /D _MBCS /D WIN32 /D _WINDOWS /D "CMAKE_INTDIR=\"Debug\"" /Gm- /EHsc /RTC1 /MDd /GS /fp:precise /Zc:wchar_t /Zc:forScope /Zc:inline /GR /Fo"cmTC_9c54d.dir\Debug\\" /Fd"cmTC_9c54d.dir\Debug\vc143.pdb" /external:W3 /Gd /TP /errorReport:queue "E:\devinst\cmake\share\cmake-3.24\Modules\CMakeCXXCompilerABI.cpp"
  CMakeCXXCompilerABI.cpp
  cmTC_9c54d.vcxproj -> F:\qobj\droid\DIII4A\Q3E\src\main\jni\gzdoom\tools\zipdir\CMakeFiles\CMakeTmp\Debug\cmTC_9c54d.exe
  'pwsh.exe' 不是内部或外部命令，也不是可运行的程序
  或批处理文件。



