This file contains any messages produced by compilers while
running configure, to aid debugging if configure makes a mistake.

It was created by libcharset configure 1.4, which was
generated by GNU Autoconf 2.69.  Invocation command line was

  $ ./configure --disable-option-checking --prefix=/Users/vnetoo/AndroidStudioProjects/VLiveAdpaterVersion/vliveSDK/src/main/cpp/yuv_convert/libs --host=arm-linux-eabi CPPFLAGS=-I/Users/vnetoo/my-android-toolchain/sysroot/usr/include CFLAGS=--sysroot /Users/vnetoo/my-android-toolchain/sysroot LDFLAGS=-Wl,-rpath-link=/Users/vnetoo/Library/Android/android-ndk-r20/platforms/android-21/arch-arm/usr/lib/ -L/Users/vnetoo/Library/Android/android-ndk-r20/platforms/android-21/arch-arm/usr/lib/ LIBS=-lc host_alias=arm-linux-eabi CC=arm-linux-androideabi-gcc --sysroot=/Users/vnetoo/my-android-toolchain/sysroot CPP=arm-linux-androideabi-gcc -E --cache-file=/dev/null --srcdir=.

## --------- ##
## Platform. ##
## --------- ##

hostname = petterMac.local
uname -m = x86_64
uname -r = 19.0.0
uname -s = Darwin
uname -v = Darwin Kernel Version 19.0.0: Thu Oct 17 16:17:15 PDT 2019; root:xnu-6153.41.3~29/RELEASE_X86_64

/usr/bin/uname -p = i386
/bin/uname -X     = unknown

/bin/arch              = unknown
/usr/bin/arch -k       = unknown
/usr/convex/getsysinfo = unknown
/usr/bin/hostinfo      = Mach kernel version:
	 Darwin Kernel Version 19.0.0: Thu Oct 17 16:17:15 PDT 2019; root:xnu-6153.41.3~29/RELEASE_X86_64
Kernel configured for up to 4 processors.
2 processors are physically available.
4 processors are logically available.
Processor type: x86_64h (Intel x86-64h Haswell)
Processors active: 0 1 2 3
Primary memory available: 8.00 gigabytes
Default processor set: 328 tasks, 1880 threads, 4 processors
Load average: 2.88, Mach factor: 1.12
/bin/machine           = unknown
/usr/bin/oslevel       = unknown
/bin/universe          = unknown

PATH: /Users/vnetoo/.rvm/gems/ruby-2.6.3/bin
PATH: /Users/vnetoo/.rvm/gems/ruby-2.6.3@global/bin
PATH: /Users/vnetoo/.rvm/rubies/ruby-2.6.3/bin
PATH: /Users/vnetoo/my-android-toolchain/bin
PATH: /Users/vnetoo/Library/Android/android-ndk-r20
PATH: /Users/vnetoo/Library/Android/android-ndk-r20/shader-tools/darwin-x86_64
PATH: /Users/vnetoo/Library/Android/android-ndk-r20/build/tools
PATH: /Users/vnetoo/AndroidStudioProjects/VLiveAdpaterVersion/vliveSDK/src/main/cpp/yuv_convert/iconv/flutter/flutter/bin
PATH: /usr/local/bin
PATH: /usr/bin
PATH: /bin
PATH: /usr/sbin
PATH: /sbin
PATH: /Applications/Wireshark.app/Contents/MacOS
PATH: /Users/vnetoo/Library/Android/android-ndk-r20
PATH: /Users/vnetoo/Library/Android/android-ndk-r20
PATH: /Users/vnetoo/Library/Android/sdk
PATH: /Users/vnetoo/Library/Android/sdk/platform-tools
PATH: /Users/vnetoo/.rvm/bin


## ----------- ##
## Core tests. ##
## ----------- ##

configure:2216: checking whether make sets $(MAKE)
configure:2238: result: yes
configure:2257: checking for arm-linux-eabi-gcc
configure:2284: result: arm-linux-androideabi-gcc --sysroot=/Users/vnetoo/my-android-toolchain/sysroot
configure:2553: checking for C compiler version
configure:2562: arm-linux-androideabi-gcc --sysroot=/Users/vnetoo/my-android-toolchain/sysroot --version >&5
Android (5220042 based on r346389c) clang version 8.0.7 (https://android.googlesource.com/toolchain/clang b55f2d4ebfd35bf643d27dbca1bb228957008617) (https://android.googlesource.com/toolchain/llvm 3c393fe7a7e13b0fba4ac75a01aa683d7a5b11cd) (based on LLVM 8.0.7svn)
Target: armv7a-unknown-linux-android21
Thread model: posix
InstalledDir: /Users/vnetoo/my-android-toolchain/bin
configure:2573: $? = 0
configure:2562: arm-linux-androideabi-gcc --sysroot=/Users/vnetoo/my-android-toolchain/sysroot -v >&5
Android (5220042 based on r346389c) clang version 8.0.7 (https://android.googlesource.com/toolchain/clang b55f2d4ebfd35bf643d27dbca1bb228957008617) (https://android.googlesource.com/toolchain/llvm 3c393fe7a7e13b0fba4ac75a01aa683d7a5b11cd) (based on LLVM 8.0.7svn)
Target: armv7a-unknown-linux-android21
Thread model: posix
InstalledDir: /Users/vnetoo/my-android-toolchain/bin
Found candidate GCC installation: /Users/vnetoo/my-android-toolchain/bin/../lib/gcc/arm-linux-androideabi/4.9.x
Selected GCC installation: /Users/vnetoo/my-android-toolchain/bin/../lib/gcc/arm-linux-androideabi/4.9.x
Candidate multilib: thumb;@mthumb
Candidate multilib: armv7-a;@march=armv7-a
Candidate multilib: armv7-a/thumb;@march=armv7-a@mthumb
Candidate multilib: .;
... rest of stderr output deleted ...
configure:2573: $? = 0
configure:2562: arm-linux-androideabi-gcc --sysroot=/Users/vnetoo/my-android-toolchain/sysroot -V >&5
clang80: error: argument to '-V' is missing (expected 1 value)
clang80: error: no input files
configure:2573: $? = 1
configure:2562: arm-linux-androideabi-gcc --sysroot=/Users/vnetoo/my-android-toolchain/sysroot -qversion >&5
clang80: error: unknown argument '-qversion', did you mean '--version'?
clang80: error: no input files
configure:2573: $? = 1
configure:2593: checking whether the C compiler works
configure:2615: arm-linux-androideabi-gcc --sysroot=/Users/vnetoo/my-android-toolchain/sysroot --sysroot /Users/vnetoo/my-android-toolchain/sysroot -I/Users/vnetoo/my-android-toolchain/sysroot/usr/include -Wl,-rpath-link=/Users/vnetoo/Library/Android/android-ndk-r20/platforms/android-21/arch-arm/usr/lib/ -L/Users/vnetoo/Library/Android/android-ndk-r20/platforms/android-21/arch-arm/usr/lib/ conftest.c -lc >&5
configure:2619: $? = 0
configure:2667: result: yes
configure:2670: checking for C compiler default output file name
configure:2672: result: a.out
configure:2678: checking for suffix of executables
configure:2685: arm-linux-androideabi-gcc --sysroot=/Users/vnetoo/my-android-toolchain/sysroot -o conftest --sysroot /Users/vnetoo/my-android-toolchain/sysroot -I/Users/vnetoo/my-android-toolchain/sysroot/usr/include -Wl,-rpath-link=/Users/vnetoo/Library/Android/android-ndk-r20/platforms/android-21/arch-arm/usr/lib/ -L/Users/vnetoo/Library/Android/android-ndk-r20/platforms/android-21/arch-arm/usr/lib/ conftest.c -lc >&5
configure:2689: $? = 0
configure:2711: result: 
configure:2733: checking whether we are cross compiling
configure:2741: arm-linux-androideabi-gcc --sysroot=/Users/vnetoo/my-android-toolchain/sysroot -o conftest --sysroot /Users/vnetoo/my-android-toolchain/sysroot -I/Users/vnetoo/my-android-toolchain/sysroot/usr/include -Wl,-rpath-link=/Users/vnetoo/Library/Android/android-ndk-r20/platforms/android-21/arch-arm/usr/lib/ -L/Users/vnetoo/Library/Android/android-ndk-r20/platforms/android-21/arch-arm/usr/lib/ conftest.c -lc >&5
configure:2745: $? = 0
configure:2752: ./conftest
./configure: line 2754: ./conftest: cannot execute binary file
configure:2756: $? = 126
configure:2771: result: yes
configure:2776: checking for suffix of object files
configure:2798: arm-linux-androideabi-gcc --sysroot=/Users/vnetoo/my-android-toolchain/sysroot -c --sysroot /Users/vnetoo/my-android-toolchain/sysroot -I/Users/vnetoo/my-android-toolchain/sysroot/usr/include conftest.c >&5
configure:2802: $? = 0
configure:2823: result: o
configure:2827: checking whether we are using the GNU C compiler
configure:2846: arm-linux-androideabi-gcc --sysroot=/Users/vnetoo/my-android-toolchain/sysroot -c --sysroot /Users/vnetoo/my-android-toolchain/sysroot -I/Users/vnetoo/my-android-toolchain/sysroot/usr/include conftest.c >&5
configure:2846: $? = 0
configure:2855: result: yes
configure:2864: checking whether arm-linux-androideabi-gcc --sysroot=/Users/vnetoo/my-android-toolchain/sysroot accepts -g
configure:2884: arm-linux-androideabi-gcc --sysroot=/Users/vnetoo/my-android-toolchain/sysroot -c -g -I/Users/vnetoo/my-android-toolchain/sysroot/usr/include conftest.c >&5
configure:2884: $? = 0
configure:2925: result: yes
configure:2942: checking for arm-linux-androideabi-gcc --sysroot=/Users/vnetoo/my-android-toolchain/sysroot option to accept ISO C89
configure:3005: arm-linux-androideabi-gcc --sysroot=/Users/vnetoo/my-android-toolchain/sysroot  -c --sysroot /Users/vnetoo/my-android-toolchain/sysroot -I/Users/vnetoo/my-android-toolchain/sysroot/usr/include conftest.c >&5
configure:3005: $? = 0
configure:3018: result: none needed
configure:3043: checking how to run the C preprocessor
configure:3113: result: arm-linux-androideabi-gcc -E
configure:3133: arm-linux-androideabi-gcc -E -I/Users/vnetoo/my-android-toolchain/sysroot/usr/include conftest.c
configure:3133: $? = 0
configure:3147: arm-linux-androideabi-gcc -E -I/Users/vnetoo/my-android-toolchain/sysroot/usr/include conftest.c
conftest.c:9:10: fatal error: 'ac_nonexistent.h' file not found
#include <ac_nonexistent.h>
         ^~~~~~~~~~~~~~~~~~
1 error generated.
configure:3147: $? = 1
configure: failed program was:
| /* confdefs.h */
| #define PACKAGE_NAME "libcharset"
| #define PACKAGE_TARNAME "libcharset"
| #define PACKAGE_VERSION "1.4"
| #define PACKAGE_STRING "libcharset 1.4"
| #define PACKAGE_BUGREPORT ""
| #define PACKAGE_URL ""
| /* end confdefs.h.  */
| #include <ac_nonexistent.h>
configure:3189: checking for a BSD-compatible install
configure:3257: result: /usr/local/bin/ginstall -c
configure:3274: checking build system type
configure:3288: result: x86_64-apple-darwin19.0.0
configure:3308: checking host system type
configure:3321: result: arm-linux-eabi
configure:3347: checking for grep that handles long lines and -e
configure:3405: result: /usr/bin/grep
configure:3410: checking for egrep
configure:3472: result: /usr/bin/grep -E
configure:3477: checking for ANSI C header files
configure:3497: arm-linux-androideabi-gcc --sysroot=/Users/vnetoo/my-android-toolchain/sysroot -c --sysroot /Users/vnetoo/my-android-toolchain/sysroot -I/Users/vnetoo/my-android-toolchain/sysroot/usr/include conftest.c >&5
configure:3497: $? = 0
configure:3581: result: yes
configure:3594: checking for sys/types.h
configure:3594: arm-linux-androideabi-gcc --sysroot=/Users/vnetoo/my-android-toolchain/sysroot -c --sysroot /Users/vnetoo/my-android-toolchain/sysroot -I/Users/vnetoo/my-android-toolchain/sysroot/usr/include conftest.c >&5
configure:3594: $? = 0
configure:3594: result: yes
configure:3594: checking for sys/stat.h
configure:3594: arm-linux-androideabi-gcc --sysroot=/Users/vnetoo/my-android-toolchain/sysroot -c --sysroot /Users/vnetoo/my-android-toolchain/sysroot -I/Users/vnetoo/my-android-toolchain/sysroot/usr/include conftest.c >&5
configure:3594: $? = 0
configure:3594: result: yes
configure:3594: checking for stdlib.h
configure:3594: arm-linux-androideabi-gcc --sysroot=/Users/vnetoo/my-android-toolchain/sysroot -c --sysroot /Users/vnetoo/my-android-toolchain/sysroot -I/Users/vnetoo/my-android-toolchain/sysroot/usr/include conftest.c >&5
configure:3594: $? = 0
configure:3594: result: yes
configure:3594: checking for string.h
configure:3594: arm-linux-androideabi-gcc --sysroot=/Users/vnetoo/my-android-toolchain/sysroot -c --sysroot /Users/vnetoo/my-android-toolchain/sysroot -I/Users/vnetoo/my-android-toolchain/sysroot/usr/include conftest.c >&5
configure:3594: $? = 0
configure:3594: result: yes
configure:3594: checking for memory.h
configure:3594: arm-linux-androideabi-gcc --sysroot=/Users/vnetoo/my-android-toolchain/sysroot -c --sysroot /Users/vnetoo/my-android-toolchain/sysroot -I/Users/vnetoo/my-android-toolchain/sysroot/usr/include conftest.c >&5
configure:3594: $? = 0
configure:3594: result: yes
configure:3594: checking for strings.h
configure:3594: arm-linux-androideabi-gcc --sysroot=/Users/vnetoo/my-android-toolchain/sysroot -c --sysroot /Users/vnetoo/my-android-toolchain/sysroot -I/Users/vnetoo/my-android-toolchain/sysroot/usr/include conftest.c >&5
configure:3594: $? = 0
configure:3594: result: yes
configure:3594: checking for inttypes.h
configure:3594: arm-linux-androideabi-gcc --sysroot=/Users/vnetoo/my-android-toolchain/sysroot -c --sysroot /Users/vnetoo/my-android-toolchain/sysroot -I/Users/vnetoo/my-android-toolchain/sysroot/usr/include conftest.c >&5
configure:3594: $? = 0
configure:3594: result: yes
configure:3594: checking for stdint.h
configure:3594: arm-linux-androideabi-gcc --sysroot=/Users/vnetoo/my-android-toolchain/sysroot -c --sysroot /Users/vnetoo/my-android-toolchain/sysroot -I/Users/vnetoo/my-android-toolchain/sysroot/usr/include conftest.c >&5
configure:3594: $? = 0
configure:3594: result: yes
configure:3594: checking for unistd.h
configure:3594: arm-linux-androideabi-gcc --sysroot=/Users/vnetoo/my-android-toolchain/sysroot -c --sysroot /Users/vnetoo/my-android-toolchain/sysroot -I/Users/vnetoo/my-android-toolchain/sysroot/usr/include conftest.c >&5
configure:3594: $? = 0
configure:3594: result: yes
configure:3607: checking minix/config.h usability
configure:3607: arm-linux-androideabi-gcc --sysroot=/Users/vnetoo/my-android-toolchain/sysroot -c --sysroot /Users/vnetoo/my-android-toolchain/sysroot -I/Users/vnetoo/my-android-toolchain/sysroot/usr/include conftest.c >&5
conftest.c:52:10: fatal error: 'minix/config.h' file not found
#include <minix/config.h>
         ^~~~~~~~~~~~~~~~
1 error generated.
configure:3607: $? = 1
configure: failed program was:
| /* confdefs.h */
| #define PACKAGE_NAME "libcharset"
| #define PACKAGE_TARNAME "libcharset"
| #define PACKAGE_VERSION "1.4"
| #define PACKAGE_STRING "libcharset 1.4"
| #define PACKAGE_BUGREPORT ""
| #define PACKAGE_URL ""
| #define STDC_HEADERS 1
| #define HAVE_SYS_TYPES_H 1
| #define HAVE_SYS_STAT_H 1
| #define HAVE_STDLIB_H 1
| #define HAVE_STRING_H 1
| #define HAVE_MEMORY_H 1
| #define HAVE_STRINGS_H 1
| #define HAVE_INTTYPES_H 1
| #define HAVE_STDINT_H 1
| #define HAVE_UNISTD_H 1
| /* end confdefs.h.  */
| #include <stdio.h>
| #ifdef HAVE_SYS_TYPES_H
| # include <sys/types.h>
| #endif
| #ifdef HAVE_SYS_STAT_H
| # include <sys/stat.h>
| #endif
| #ifdef STDC_HEADERS
| # include <stdlib.h>
| # include <stddef.h>
| #else
| # ifdef HAVE_STDLIB_H
| #  include <stdlib.h>
| # endif
| #endif
| #ifdef HAVE_STRING_H
| # if !defined STDC_HEADERS && defined HAVE_MEMORY_H
| #  include <memory.h>
| # endif
| # include <string.h>
| #endif
| #ifdef HAVE_STRINGS_H
| # include <strings.h>
| #endif
| #ifdef HAVE_INTTYPES_H
| # include <inttypes.h>
| #endif
| #ifdef HAVE_STDINT_H
| # include <stdint.h>
| #endif
| #ifdef HAVE_UNISTD_H
| # include <unistd.h>
| #endif
| #include <minix/config.h>
configure:3607: result: no
configure:3607: checking minix/config.h presence
configure:3607: arm-linux-androideabi-gcc -E -I/Users/vnetoo/my-android-toolchain/sysroot/usr/include conftest.c
conftest.c:19:10: fatal error: 'minix/config.h' file not found
#include <minix/config.h>
         ^~~~~~~~~~~~~~~~
1 error generated.
configure:3607: $? = 1
configure: failed program was:
| /* confdefs.h */
| #define PACKAGE_NAME "libcharset"
| #define PACKAGE_TARNAME "libcharset"
| #define PACKAGE_VERSION "1.4"
| #define PACKAGE_STRING "libcharset 1.4"
| #define PACKAGE_BUGREPORT ""
| #define PACKAGE_URL ""
| #define STDC_HEADERS 1
| #define HAVE_SYS_TYPES_H 1
| #define HAVE_SYS_STAT_H 1
| #define HAVE_STDLIB_H 1
| #define HAVE_STRING_H 1
| #define HAVE_MEMORY_H 1
| #define HAVE_STRINGS_H 1
| #define HAVE_INTTYPES_H 1
| #define HAVE_STDINT_H 1
| #define HAVE_UNISTD_H 1
| /* end confdefs.h.  */
| #include <minix/config.h>
configure:3607: result: no
configure:3607: checking for minix/config.h
configure:3607: result: no
configure:3628: checking whether it is safe to define __EXTENSIONS__
configure:3646: arm-linux-androideabi-gcc --sysroot=/Users/vnetoo/my-android-toolchain/sysroot -c --sysroot /Users/vnetoo/my-android-toolchain/sysroot -I/Users/vnetoo/my-android-toolchain/sysroot/usr/include conftest.c >&5
configure:3646: $? = 0
configure:3653: result: yes
configure:3719: checking how to print strings
configure:3746: result: printf
configure:3767: checking for a sed that does not truncate output
configure:3831: result: /usr/bin/sed
configure:3849: checking for fgrep
configure:3911: result: /usr/bin/grep -F
configure:3946: checking for ld used by arm-linux-androideabi-gcc --sysroot=/Users/vnetoo/my-android-toolchain/sysroot
configure:4013: result: arm-linux-androideabi-ld
configure:4020: checking if the linker (arm-linux-androideabi-ld) is GNU ld
configure:4035: result: yes
configure:4047: checking for BSD- or MS-compatible name lister (nm)
configure:4101: result: no
configure:4115: checking for arm-linux-eabi-dumpbin
configure:4145: result: no
configure:4115: checking for arm-linux-eabi-link
configure:4145: result: no
configure:4159: checking for dumpbin
configure:4189: result: no
configure:4159: checking for link
configure:4175: found /bin/link
configure:4186: result: link -dump
configure:4202: WARNING: using cross tools not prefixed with host triplet
configure:4231: checking the name lister (nm) interface
configure:4238: arm-linux-androideabi-gcc --sysroot=/Users/vnetoo/my-android-toolchain/sysroot -c --sysroot /Users/vnetoo/my-android-toolchain/sysroot -I/Users/vnetoo/my-android-toolchain/sysroot/usr/include conftest.c >&5
configure:4241: nm "conftest.o"
configure:4244: output
00000000 B some_variable
configure:4251: result: BSD nm
configure:4254: checking whether ln -s works
configure:4258: result: yes
configure:4266: checking the maximum length of command line arguments
configure:4397: result: 196608
configure:4445: checking how to convert x86_64-apple-darwin19.0.0 file names to arm-linux-eabi format
configure:4485: result: func_convert_file_noop
configure:4492: checking how to convert x86_64-apple-darwin19.0.0 file names to toolchain format
configure:4512: result: func_convert_file_noop
configure:4519: checking for arm-linux-androideabi-ld option to reload object files
configure:4526: result: -r
configure:4560: checking for arm-linux-eabi-objdump
configure:4590: result: no
configure:4600: checking for objdump
configure:4616: found /usr/bin/objdump
configure:4627: result: objdump
configure:4656: checking how to recognize dependent libraries
configure:4856: result: unknown
configure:4901: checking for arm-linux-eabi-dlltool
configure:4931: result: no
configure:4941: checking for dlltool
configure:4971: result: no
configure:4998: checking how to associate runtime and link libraries
configure:5025: result: printf %s\n
configure:5041: checking for arm-linux-eabi-ar
configure:5068: result: arm-linux-androideabi-ar
configure:5149: checking for archiver @FILE support
configure:5166: arm-linux-androideabi-gcc --sysroot=/Users/vnetoo/my-android-toolchain/sysroot -c --sysroot /Users/vnetoo/my-android-toolchain/sysroot -I/Users/vnetoo/my-android-toolchain/sysroot/usr/include conftest.c >&5
configure:5166: $? = 0
configure:5169: arm-linux-androideabi-ar cru libconftest.a @conftest.lst >&5
configure:5172: $? = 0
configure:5177: arm-linux-androideabi-ar cru libconftest.a @conftest.lst >&5
arm-linux-androideabi-ar: conftest.o: No such file or directory
configure:5180: $? = 1
configure:5192: result: @
configure:5210: checking for arm-linux-eabi-strip
configure:5237: result: arm-linux-androideabi-strip
configure:5309: checking for arm-linux-eabi-ranlib
configure:5336: result: arm-linux-androideabi-ranlib
configure:5453: checking for gawk
configure:5483: result: no
configure:5453: checking for mawk
configure:5483: result: no
configure:5453: checking for nawk
configure:5483: result: no
configure:5453: checking for awk
configure:5469: found /usr/bin/awk
configure:5480: result: awk
configure:5520: checking command to parse nm output from arm-linux-androideabi-gcc --sysroot=/Users/vnetoo/my-android-toolchain/sysroot object
configure:5673: arm-linux-androideabi-gcc --sysroot=/Users/vnetoo/my-android-toolchain/sysroot -c --sysroot /Users/vnetoo/my-android-toolchain/sysroot -I/Users/vnetoo/my-android-toolchain/sysroot/usr/include conftest.c >&5
configure:5676: $? = 0
configure:5680: nm conftest.o \| sed -n -e 's/^.*[ ]\([BCDEGRST][BCDEGRST]*\)[ ][ ]*\([_A-Za-z][_A-Za-z0-9]*\)$/\1 \2 \2/p' | sed '/ __gnu_lto/d' \> conftest.nm
configure:5683: $? = 0
configure:5749: arm-linux-androideabi-gcc --sysroot=/Users/vnetoo/my-android-toolchain/sysroot -o conftest --sysroot /Users/vnetoo/my-android-toolchain/sysroot -I/Users/vnetoo/my-android-toolchain/sysroot/usr/include -Wl,-rpath-link=/Users/vnetoo/Library/Android/android-ndk-r20/platforms/android-21/arch-arm/usr/lib/ -L/Users/vnetoo/Library/Android/android-ndk-r20/platforms/android-21/arch-arm/usr/lib/ conftest.c conftstm.o >&5
configure:5752: $? = 0
configure:5790: result: ok
configure:5837: checking for sysroot
configure:5867: result: no
configure:5874: checking for a working dd
configure:5912: result: /bin/dd
configure:5916: checking how to truncate binary pipes
configure:5931: result: /bin/dd bs=4096 count=1
configure:6220: checking for arm-linux-eabi-mt
configure:6250: result: no
configure:6260: checking for mt
configure:6290: result: no
configure:6310: checking if : is a manifest tool
configure:6316: : '-?'
configure:6324: result: no
configure:6998: checking for dlfcn.h
configure:6998: arm-linux-androideabi-gcc --sysroot=/Users/vnetoo/my-android-toolchain/sysroot -c --sysroot /Users/vnetoo/my-android-toolchain/sysroot -I/Users/vnetoo/my-android-toolchain/sysroot/usr/include conftest.c >&5
configure:6998: $? = 0
configure:6998: result: yes
configure:7552: checking for objdir
configure:7567: result: .libs
configure:7831: checking if arm-linux-androideabi-gcc --sysroot=/Users/vnetoo/my-android-toolchain/sysroot supports -fno-rtti -fno-exceptions
configure:7849: arm-linux-androideabi-gcc --sysroot=/Users/vnetoo/my-android-toolchain/sysroot -c --sysroot /Users/vnetoo/my-android-toolchain/sysroot -I/Users/vnetoo/my-android-toolchain/sysroot/usr/include -fno-rtti -fno-exceptions conftest.c >&5
configure:7853: $? = 0
configure:7866: result: yes
configure:8224: checking for arm-linux-androideabi-gcc --sysroot=/Users/vnetoo/my-android-toolchain/sysroot option to produce PIC
configure:8231: result: -fPIC -DPIC
configure:8239: checking if arm-linux-androideabi-gcc --sysroot=/Users/vnetoo/my-android-toolchain/sysroot PIC flag -fPIC -DPIC works
configure:8257: arm-linux-androideabi-gcc --sysroot=/Users/vnetoo/my-android-toolchain/sysroot -c --sysroot /Users/vnetoo/my-android-toolchain/sysroot -I/Users/vnetoo/my-android-toolchain/sysroot/usr/include -fPIC -DPIC -DPIC conftest.c >&5
configure:8261: $? = 0
configure:8274: result: yes
configure:8303: checking if arm-linux-androideabi-gcc --sysroot=/Users/vnetoo/my-android-toolchain/sysroot static flag -static works
configure:8331: result: yes
configure:8346: checking if arm-linux-androideabi-gcc --sysroot=/Users/vnetoo/my-android-toolchain/sysroot supports -c -o file.o
configure:8367: arm-linux-androideabi-gcc --sysroot=/Users/vnetoo/my-android-toolchain/sysroot -c --sysroot /Users/vnetoo/my-android-toolchain/sysroot -I/Users/vnetoo/my-android-toolchain/sysroot/usr/include -o out/conftest2.o conftest.c >&5
configure:8371: $? = 0
configure:8393: result: yes
configure:8401: checking if arm-linux-androideabi-gcc --sysroot=/Users/vnetoo/my-android-toolchain/sysroot supports -c -o file.o
configure:8448: result: yes
configure:8481: checking whether the arm-linux-androideabi-gcc --sysroot=/Users/vnetoo/my-android-toolchain/sysroot linker (arm-linux-androideabi-ld) supports shared libraries
configure:9740: result: yes
configure:9777: checking whether -lc should be explicitly linked in
configure:9785: arm-linux-androideabi-gcc --sysroot=/Users/vnetoo/my-android-toolchain/sysroot -c --sysroot /Users/vnetoo/my-android-toolchain/sysroot -I/Users/vnetoo/my-android-toolchain/sysroot/usr/include conftest.c >&5
configure:9788: $? = 0
configure:9803: arm-linux-androideabi-gcc --sysroot=/Users/vnetoo/my-android-toolchain/sysroot -shared  -fPIC -DPIC conftest.o  -v -Wl,-soname -Wl,conftest -o conftest 2\>\&1 \| /usr/bin/grep  -lc  \>/dev/null 2\>\&1
configure:9806: $? = 0
configure:9820: result: no
configure:9980: checking dynamic linker characteristics
configure:10798: result: no
configure:10920: checking how to hardcode library paths into programs
configure:10945: result: immediate
configure:11493: checking whether stripping libraries is possible
configure:11498: result: yes
configure:11533: checking if libtool supports shared libraries
configure:11535: result: no
configure:11538: checking whether to build shared libraries
configure:11563: result: no
configure:11566: checking whether to build static libraries
configure:11570: result: yes
configure:11630: checking for ld
configure:11758: result: arm-linux-androideabi-ld
configure:11765: checking if the linker (arm-linux-androideabi-ld) is GNU ld
configure:11780: result: yes
configure:11786: checking for shared library path variable
configure:11799: result: none
configure:11804: checking whether to activate relocatable installation
configure:11819: result: no
configure:11993: checking whether the -Werror option is usable
configure:12011: arm-linux-androideabi-gcc --sysroot=/Users/vnetoo/my-android-toolchain/sysroot -c --sysroot /Users/vnetoo/my-android-toolchain/sysroot -Werror -I/Users/vnetoo/my-android-toolchain/sysroot/usr/include conftest.c >&5
configure:12011: $? = 0
configure:12020: result: yes
configure:12022: checking for simple visibility declarations
configure:12048: arm-linux-androideabi-gcc --sysroot=/Users/vnetoo/my-android-toolchain/sysroot -c --sysroot /Users/vnetoo/my-android-toolchain/sysroot -fvisibility=hidden -Werror -I/Users/vnetoo/my-android-toolchain/sysroot/usr/include conftest.c >&5
configure:12048: $? = 0
configure:12057: result: yes
configure:12075: checking for nl_langinfo and CODESET
configure:12091: arm-linux-androideabi-gcc --sysroot=/Users/vnetoo/my-android-toolchain/sysroot -o conftest --sysroot /Users/vnetoo/my-android-toolchain/sysroot -I/Users/vnetoo/my-android-toolchain/sysroot/usr/include -Wl,-rpath-link=/Users/vnetoo/Library/Android/android-ndk-r20/platforms/android-21/arch-arm/usr/lib/ -L/Users/vnetoo/Library/Android/android-ndk-r20/platforms/android-21/arch-arm/usr/lib/ conftest.c -lc >&5
conftest.c:32:12: warning: implicit declaration of function 'nl_langinfo' is invalid in C99 [-Wimplicit-function-declaration]
char* cs = nl_langinfo(CODESET); return !cs;
           ^
conftest.c:32:7: warning: incompatible integer to pointer conversion initializing 'char *' with an expression of type 'int' [-Wint-conversion]
char* cs = nl_langinfo(CODESET); return !cs;
      ^    ~~~~~~~~~~~~~~~~~~~~
2 warnings generated.
/var/folders/ts/fhv2d3zs6z39r9cmx16c47nw0000gn/T/conftest-f996d6.o:conftest.c:function main: error: undefined reference to 'nl_langinfo'
clang80: error: linker command failed with exit code 1 (use -v to see invocation)
configure:12091: $? = 1
configure: failed program was:
| /* confdefs.h */
| #define PACKAGE_NAME "libcharset"
| #define PACKAGE_TARNAME "libcharset"
| #define PACKAGE_VERSION "1.4"
| #define PACKAGE_STRING "libcharset 1.4"
| #define PACKAGE_BUGREPORT ""
| #define PACKAGE_URL ""
| #define STDC_HEADERS 1
| #define HAVE_SYS_TYPES_H 1
| #define HAVE_SYS_STAT_H 1
| #define HAVE_STDLIB_H 1
| #define HAVE_STRING_H 1
| #define HAVE_MEMORY_H 1
| #define HAVE_STRINGS_H 1
| #define HAVE_INTTYPES_H 1
| #define HAVE_STDINT_H 1
| #define HAVE_UNISTD_H 1
| #define __EXTENSIONS__ 1
| #define _ALL_SOURCE 1
| #define _GNU_SOURCE 1
| #define _POSIX_PTHREAD_SEMANTICS 1
| #define _TANDEM_SOURCE 1
| #define HAVE_DLFCN_H 1
| #define LT_OBJDIR ".libs/"
| #define INSTALLPREFIX "/Users/vnetoo/AndroidStudioProjects/VLiveAdpaterVersion/vliveSDK/src/main/cpp/yuv_convert/libs"
| #define HAVE_VISIBILITY 1
| /* end confdefs.h.  */
| #include <langinfo.h>
| int
| main ()
| {
| char* cs = nl_langinfo(CODESET); return !cs;
|   ;
|   return 0;
| }
configure:12100: result: no
configure:12114: checking for unistd.h
configure:12114: result: yes
configure:12133: checking for symlink
configure:12133: arm-linux-androideabi-gcc --sysroot=/Users/vnetoo/my-android-toolchain/sysroot -o conftest --sysroot /Users/vnetoo/my-android-toolchain/sysroot -I/Users/vnetoo/my-android-toolchain/sysroot/usr/include -Wl,-rpath-link=/Users/vnetoo/Library/Android/android-ndk-r20/platforms/android-21/arch-arm/usr/lib/ -L/Users/vnetoo/Library/Android/android-ndk-r20/platforms/android-21/arch-arm/usr/lib/ conftest.c -lc >&5
configure:12133: $? = 0
configure:12133: result: yes
configure:12149: checking for working fcntl.h
configure:12273: result: cross-compiling
configure:12297: checking whether we are using the GNU C Library >= 2.1 or uClibc
configure:12327: result: no
configure:12335: checking for setlocale
configure:12335: arm-linux-androideabi-gcc --sysroot=/Users/vnetoo/my-android-toolchain/sysroot -o conftest --sysroot /Users/vnetoo/my-android-toolchain/sysroot -I/Users/vnetoo/my-android-toolchain/sysroot/usr/include -Wl,-rpath-link=/Users/vnetoo/Library/Android/android-ndk-r20/platforms/android-21/arch-arm/usr/lib/ -L/Users/vnetoo/Library/Android/android-ndk-r20/platforms/android-21/arch-arm/usr/lib/ conftest.c -lc >&5
configure:12335: $? = 0
configure:12335: result: yes
configure:12475: creating ./config.status

## ---------------------- ##
## Running config.status. ##
## ---------------------- ##

This file was extended by libcharset config.status 1.4, which was
generated by GNU Autoconf 2.69.  Invocation command line was

  CONFIG_FILES    = 
  CONFIG_HEADERS  = 
  CONFIG_LINKS    = 
  CONFIG_COMMANDS = 
  $ ./config.status 

on petterMac.local

config.status:1075: creating Makefile
config.status:1075: creating lib/Makefile
config.status:1075: creating include/localcharset.h
config.status:1075: creating include/localcharset.h.inst
config.status:1075: creating config.h
config.status:1250: config.h is unchanged
config.status:1264: executing libtool commands

## ---------------- ##
## Cache variables. ##
## ---------------- ##

ac_cv_build=x86_64-apple-darwin19.0.0
ac_cv_c_compiler_gnu=yes
ac_cv_env_CC_set=set
ac_cv_env_CC_value='arm-linux-androideabi-gcc --sysroot=/Users/vnetoo/my-android-toolchain/sysroot'
ac_cv_env_CFLAGS_set=set
ac_cv_env_CFLAGS_value='--sysroot /Users/vnetoo/my-android-toolchain/sysroot'
ac_cv_env_CPPFLAGS_set=set
ac_cv_env_CPPFLAGS_value=-I/Users/vnetoo/my-android-toolchain/sysroot/usr/include
ac_cv_env_CPP_set=set
ac_cv_env_CPP_value='arm-linux-androideabi-gcc -E'
ac_cv_env_LDFLAGS_set=set
ac_cv_env_LDFLAGS_value='-Wl,-rpath-link=/Users/vnetoo/Library/Android/android-ndk-r20/platforms/android-21/arch-arm/usr/lib/ -L/Users/vnetoo/Library/Android/android-ndk-r20/platforms/android-21/arch-arm/usr/lib/'
ac_cv_env_LIBS_set=set
ac_cv_env_LIBS_value=-lc
ac_cv_env_LT_SYS_LIBRARY_PATH_set=
ac_cv_env_LT_SYS_LIBRARY_PATH_value=
ac_cv_env_build_alias_set=
ac_cv_env_build_alias_value=
ac_cv_env_host_alias_set=set
ac_cv_env_host_alias_value=arm-linux-eabi
ac_cv_env_target_alias_set=
ac_cv_env_target_alias_value=
ac_cv_func_setlocale=yes
ac_cv_func_symlink=yes
ac_cv_gnu_library_2_1=no
ac_cv_header_dlfcn_h=yes
ac_cv_header_inttypes_h=yes
ac_cv_header_memory_h=yes
ac_cv_header_minix_config_h=no
ac_cv_header_stdc=yes
ac_cv_header_stdint_h=yes
ac_cv_header_stdlib_h=yes
ac_cv_header_string_h=yes
ac_cv_header_strings_h=yes
ac_cv_header_sys_stat_h=yes
ac_cv_header_sys_types_h=yes
ac_cv_header_unistd_h=yes
ac_cv_host=arm-linux-eabi
ac_cv_objext=o
ac_cv_path_EGREP='/usr/bin/grep -E'
ac_cv_path_FGREP='/usr/bin/grep -F'
ac_cv_path_GREP=/usr/bin/grep
ac_cv_path_SED=/usr/bin/sed
ac_cv_path_install='/usr/local/bin/ginstall -c'
ac_cv_path_lt_DD=/bin/dd
ac_cv_prog_AR=arm-linux-androideabi-ar
ac_cv_prog_AWK=awk
ac_cv_prog_CC='arm-linux-androideabi-gcc --sysroot=/Users/vnetoo/my-android-toolchain/sysroot'
ac_cv_prog_CPP='arm-linux-androideabi-gcc -E'
ac_cv_prog_RANLIB=arm-linux-androideabi-ranlib
ac_cv_prog_STRIP=arm-linux-androideabi-strip
ac_cv_prog_ac_ct_DUMPBIN='link -dump'
ac_cv_prog_ac_ct_OBJDUMP=objdump
ac_cv_prog_cc_c89=
ac_cv_prog_cc_g=yes
ac_cv_prog_make_make_set=yes
ac_cv_safe_to_define___extensions__=yes
acl_cv_libpath=none
acl_cv_prog_gnu_ld=yes
acl_cv_shlibpath_var=
am_cv_langinfo_codeset=no
gl_cv_cc_vis_werror=yes
gl_cv_cc_visibility=yes
gl_cv_header_working_fcntl_h=cross-compiling
lt_cv_ar_at_file=@
lt_cv_archive_cmds_need_lc=no
lt_cv_deplibs_check_method=unknown
lt_cv_file_magic_cmd='$MAGIC_CMD'
lt_cv_file_magic_test_file=
lt_cv_ld_reload_flag=-r
lt_cv_nm_interface='BSD nm'
lt_cv_objdir=.libs
lt_cv_path_LD=arm-linux-androideabi-ld
lt_cv_path_NM=no
lt_cv_path_mainfest_tool=no
lt_cv_prog_compiler_c_o=yes
lt_cv_prog_compiler_pic='-fPIC -DPIC'
lt_cv_prog_compiler_pic_works=yes
lt_cv_prog_compiler_rtti_exceptions=yes
lt_cv_prog_compiler_static_works=yes
lt_cv_prog_gnu_ld=yes
lt_cv_sharedlib_from_linklib_cmd='printf %s\n'
lt_cv_sys_global_symbol_pipe='sed -n -e '\''s/^.*[	 ]\([BCDEGRST][BCDEGRST]*\)[	 ][	 ]*\([_A-Za-z][_A-Za-z0-9]*\)$/\1 \2 \2/p'\'' | sed '\''/ __gnu_lto/d'\'''
lt_cv_sys_global_symbol_to_c_name_address='sed -n -e '\''s/^: \(.*\) .*$/  {"\1", (void *) 0},/p'\'' -e '\''s/^[BCDEGRST][BCDEGRST]* .* \(.*\)$/  {"\1", (void *) \&\1},/p'\'''
lt_cv_sys_global_symbol_to_c_name_address_lib_prefix='sed -n -e '\''s/^: \(.*\) .*$/  {"\1", (void *) 0},/p'\'' -e '\''s/^[BCDEGRST][BCDEGRST]* .* \(lib.*\)$/  {"\1", (void *) \&\1},/p'\'' -e '\''s/^[BCDEGRST][BCDEGRST]* .* \(.*\)$/  {"lib\1", (void *) \&\1},/p'\'''
lt_cv_sys_global_symbol_to_cdecl='sed -n -e '\''s/^T .* \(.*\)$/extern int \1();/p'\'' -e '\''s/^[BCDEGRST][BCDEGRST]* .* \(.*\)$/extern char \1;/p'\'''
lt_cv_sys_global_symbol_to_import=
lt_cv_sys_max_cmd_len=196608
lt_cv_to_host_file_cmd=func_convert_file_noop
lt_cv_to_tool_file_cmd=func_convert_file_noop
lt_cv_truncate_bin='/bin/dd bs=4096 count=1'

## ----------------- ##
## Output variables. ##
## ----------------- ##

AR='arm-linux-androideabi-ar'
AS='as'
AWK='awk'
CC='arm-linux-androideabi-gcc --sysroot=/Users/vnetoo/my-android-toolchain/sysroot'
CFLAGS='--sysroot /Users/vnetoo/my-android-toolchain/sysroot'
CFLAG_VISIBILITY='-fvisibility=hidden'
CPP='arm-linux-androideabi-gcc -E'
CPPFLAGS='-I/Users/vnetoo/my-android-toolchain/sysroot/usr/include'
DEFS='-DHAVE_CONFIG_H'
DLLTOOL='false'
DSYMUTIL=''
DUMPBIN=':'
ECHO_C='\c'
ECHO_N=''
ECHO_T=''
EGREP='/usr/bin/grep -E'
EXEEXT=''
FGREP='/usr/bin/grep -F'
GLIBC21='no'
GREP='/usr/bin/grep'
HAVE_VISIBILITY='1'
INSTALL_DATA='${INSTALL} -m 644'
INSTALL_PROGRAM='${INSTALL}'
INSTALL_PROGRAM_ENV=''
INSTALL_SCRIPT='${INSTALL}'
LD='arm-linux-androideabi-ld'
LDFLAGS='-Wl,-rpath-link=/Users/vnetoo/Library/Android/android-ndk-r20/platforms/android-21/arch-arm/usr/lib/ -L/Users/vnetoo/Library/Android/android-ndk-r20/platforms/android-21/arch-arm/usr/lib/'
LIBOBJS=''
LIBS='-lc'
LIBTOOL='/bin/sh $(top_builddir)/libtool'
LIPO=''
LN_S='ln -s'
LTLIBOBJS=''
LT_SYS_LIBRARY_PATH=''
MANIFEST_TOOL=':'
NM='nm'
NMEDIT=''
OBJDUMP='objdump'
OBJEXT='o'
OTOOL64=''
OTOOL=''
PACKAGE_BUGREPORT=''
PACKAGE_NAME='libcharset'
PACKAGE_STRING='libcharset 1.4'
PACKAGE_TARNAME='libcharset'
PACKAGE_URL=''
PACKAGE_VERSION='1.4'
PATH_SEPARATOR=':'
RANLIB='arm-linux-androideabi-ranlib'
RELOCATABLE='no'
RELOCATABLE_BUILD_DIR='$(top_builddir)/'
RELOCATABLE_CONFIG_H_DIR='$(top_builddir)'
RELOCATABLE_LDFLAGS=''
RELOCATABLE_LIBRARY_PATH=''
RELOCATABLE_SRC_DIR='$(top_srcdir)/'
RELOCATABLE_STRIP=':'
RELOCATABLE_VIA_LD_FALSE=''
RELOCATABLE_VIA_LD_TRUE='#'
RELOCATABLE_VIA_WRAPPER_FALSE=''
RELOCATABLE_VIA_WRAPPER_TRUE='#'
SED='/usr/bin/sed'
SET_MAKE=''
SHELL='/bin/sh'
STRIP='arm-linux-androideabi-strip'
ac_ct_AR=''
ac_ct_CC=''
ac_ct_DUMPBIN='link -dump'
bindir='${exec_prefix}/bin'
build='x86_64-apple-darwin19.0.0'
build_alias=''
build_cpu='x86_64'
build_os='darwin19.0.0'
build_vendor='apple'
datadir='${datarootdir}'
datarootdir='${prefix}/share'
docdir='${datarootdir}/doc/${PACKAGE_TARNAME}'
dvidir='${docdir}'
exec_prefix='${prefix}'
host='arm-linux-eabi'
host_alias='arm-linux-eabi'
host_cpu='arm'
host_os='eabi'
host_vendor='linux'
htmldir='${docdir}'
includedir='${prefix}/include'
infodir='${datarootdir}/info'
libdir='${exec_prefix}/lib'
libexecdir='${exec_prefix}/libexec'
localedir='${datarootdir}/locale'
localstatedir='${prefix}/var'
mandir='${datarootdir}/man'
oldincludedir='/usr/include'
pdfdir='${docdir}'
prefix='/Users/vnetoo/AndroidStudioProjects/VLiveAdpaterVersion/vliveSDK/src/main/cpp/yuv_convert/libs'
program_transform_name='s,x,x,'
psdir='${docdir}'
sbindir='${exec_prefix}/sbin'
sharedstatedir='${prefix}/com'
sysconfdir='${prefix}/etc'
target_alias=''

## ----------- ##
## confdefs.h. ##
## ----------- ##

/* confdefs.h */
#define PACKAGE_NAME "libcharset"
#define PACKAGE_TARNAME "libcharset"
#define PACKAGE_VERSION "1.4"
#define PACKAGE_STRING "libcharset 1.4"
#define PACKAGE_BUGREPORT ""
#define PACKAGE_URL ""
#define STDC_HEADERS 1
#define HAVE_SYS_TYPES_H 1
#define HAVE_SYS_STAT_H 1
#define HAVE_STDLIB_H 1
#define HAVE_STRING_H 1
#define HAVE_MEMORY_H 1
#define HAVE_STRINGS_H 1
#define HAVE_INTTYPES_H 1
#define HAVE_STDINT_H 1
#define HAVE_UNISTD_H 1
#define __EXTENSIONS__ 1
#define _ALL_SOURCE 1
#define _GNU_SOURCE 1
#define _POSIX_PTHREAD_SEMANTICS 1
#define _TANDEM_SOURCE 1
#define HAVE_DLFCN_H 1
#define LT_OBJDIR ".libs/"
#define INSTALLPREFIX "/Users/vnetoo/AndroidStudioProjects/VLiveAdpaterVersion/vliveSDK/src/main/cpp/yuv_convert/libs"
#define HAVE_VISIBILITY 1
#define HAVE_UNISTD_H 1
#define HAVE_SYMLINK 1
#define HAVE_WORKING_O_NOATIME 0
#define HAVE_WORKING_O_NOFOLLOW 0
#define HAVE_SETLOCALE 1

configure: exit 0
